{"D:\\ecommerce\\ecommerce-api\\src\\server.ts": {"path":"D:\\ecommerce\\ecommerce-api\\src\\server.ts","statementMap":{"0":{"start":{"line":1,"column":0},"end":{"line":1,"column":30}},"1":{"start":{"line":2,"column":0},"end":{"line":2,"column":24}},"2":{"start":{"line":3,"column":0},"end":{"line":3,"column":28}},"3":{"start":{"line":4,"column":0},"end":{"line":4,"column":28}},"4":{"start":{"line":5,"column":0},"end":{"line":5,"column":42}},"5":{"start":{"line":6,"column":0},"end":{"line":6,"column":30}},"6":{"start":{"line":8,"column":0},"end":{"line":8,"column":16}},"7":{"start":{"line":10,"column":12},"end":{"line":10,"column":21}},"8":{"start":{"line":11,"column":0},"end":{"line":11,"column":24}},"9":{"start":{"line":12,"column":0},"end":{"line":12,"column":16}},"10":{"start":{"line":13,"column":0},"end":{"line":13,"column":18}},"11":{"start":{"line":15,"column":0},"end":{"line":15,"column":24}},"12":{"start":{"line":17,"column":13},"end":{"line":17,"column":37}},"13":{"start":{"line":19,"column":0},"end":{"line":22,"column":66}},"14":{"start":{"line":20,"column":2},"end":{"line":20,"column":36}},"15":{"start":{"line":21,"column":2},"end":{"line":21,"column":72}},"16":{"start":{"line":21,"column":25},"end":{"line":21,"column":70}},"17":{"start":{"line":22,"column":16},"end":{"line":22,"column":64}},"18":{"start":{"line":24,"column":0},"end":{"line":24,"column":19}}},"fnMap":{"0":{"name":"(anonymous_1)","decl":{"start":{"line":19,"column":22},"end":{"line":19,"column":25}},"loc":{"start":{"line":19,"column":27},"end":{"line":22,"column":1}}},"1":{"name":"(anonymous_2)","decl":{"start":{"line":21,"column":19},"end":{"line":21,"column":22}},"loc":{"start":{"line":21,"column":25},"end":{"line":21,"column":70}}},"2":{"name":"(anonymous_3)","decl":{"start":{"line":22,"column":9},"end":{"line":22,"column":12}},"loc":{"start":{"line":22,"column":16},"end":{"line":22,"column":64}}}},"branchMap":{"0":{"loc":{"start":{"line":17,"column":13},"end":{"line":17,"column":37}},"type":"binary-expr","locations":[{"start":{"line":17,"column":13},"end":{"line":17,"column":29}},{"start":{"line":17,"column":33},"end":{"line":17,"column":37}}]}},"s":{"0":3,"1":3,"2":3,"3":3,"4":3,"5":3,"6":3,"7":3,"8":3,"9":3,"10":3,"11":3,"12":3,"13":3,"14":0,"15":0,"16":0,"17":1,"18":3},"f":{"0":0,"1":0,"2":1},"b":{"0":[3,0]}}
,"D:\\ecommerce\\ecommerce-api\\src\\config\\cloudinary.ts": {"path":"D:\\ecommerce\\ecommerce-api\\src\\config\\cloudinary.ts","statementMap":{"0":{"start":{"line":1,"column":0},"end":{"line":1,"column":46}},"1":{"start":{"line":2,"column":0},"end":{"line":2,"column":28}},"2":{"start":{"line":4,"column":0},"end":{"line":4,"column":16}},"3":{"start":{"line":6,"column":0},"end":{"line":10,"column":3}},"4":{"start":{"line":12,"column":0},"end":{"line":12,"column":26}}},"fnMap":{},"branchMap":{},"s":{"0":4,"1":4,"2":4,"3":4,"4":4},"f":{},"b":{}}
,"D:\\ecommerce\\ecommerce-api\\src\\config\\database.ts": {"path":"D:\\ecommerce\\ecommerce-api\\src\\config\\database.ts","statementMap":{"0":{"start":{"line":1,"column":0},"end":{"line":1,"column":38}},"1":{"start":{"line":2,"column":0},"end":{"line":2,"column":28}},"2":{"start":{"line":4,"column":0},"end":{"line":4,"column":16}},"3":{"start":{"line":6,"column":18},"end":{"line":10,"column":2}},"4":{"start":{"line":12,"column":0},"end":{"line":12,"column":25}}},"fnMap":{},"branchMap":{},"s":{"0":7,"1":7,"2":7,"3":7,"4":7},"f":{},"b":{}}
,"D:\\ecommerce\\ecommerce-api\\src\\controllers\\authController.ts": {"path":"D:\\ecommerce\\ecommerce-api\\src\\controllers\\authController.ts","statementMap":{"0":{"start":{"line":2,"column":0},"end":{"line":2,"column":66}},"1":{"start":{"line":4,"column":22},"end":{"line":12,"column":2}},"2":{"start":{"line":4,"column":60},"end":{"line":12,"column":2}},"3":{"start":{"line":5,"column":2},"end":{"line":11,"column":3}},"4":{"start":{"line":6,"column":38},"end":{"line":6,"column":46}},"5":{"start":{"line":7,"column":17},"end":{"line":7,"column":58}},"6":{"start":{"line":8,"column":4},"end":{"line":8,"column":63}},"7":{"start":{"line":10,"column":4},"end":{"line":10,"column":51}},"8":{"start":{"line":4,"column":13},"end":{"line":4,"column":22}},"9":{"start":{"line":14,"column":21},"end":{"line":22,"column":2}},"10":{"start":{"line":14,"column":59},"end":{"line":22,"column":2}},"11":{"start":{"line":15,"column":2},"end":{"line":21,"column":3}},"12":{"start":{"line":16,"column":32},"end":{"line":16,"column":40}},"13":{"start":{"line":17,"column":19},"end":{"line":17,"column":51}},"14":{"start":{"line":18,"column":4},"end":{"line":18,"column":33}},"15":{"start":{"line":20,"column":4},"end":{"line":20,"column":51}},"16":{"start":{"line":14,"column":13},"end":{"line":14,"column":21}}},"fnMap":{"0":{"name":"(anonymous_7)","decl":{"start":{"line":4,"column":22},"end":{"line":4,"column":29}},"loc":{"start":{"line":4,"column":60},"end":{"line":12,"column":2}}},"1":{"name":"(anonymous_8)","decl":{"start":{"line":4,"column":60},"end":{"line":4,"column":null}},"loc":{"start":{"line":4,"column":60},"end":{"line":12,"column":1}}},"2":{"name":"(anonymous_9)","decl":{"start":{"line":14,"column":21},"end":{"line":14,"column":28}},"loc":{"start":{"line":14,"column":59},"end":{"line":22,"column":2}}},"3":{"name":"(anonymous_10)","decl":{"start":{"line":14,"column":59},"end":{"line":14,"column":null}},"loc":{"start":{"line":14,"column":59},"end":{"line":22,"column":1}}}},"branchMap":{},"s":{"0":3,"1":3,"2":3,"3":3,"4":3,"5":3,"6":2,"7":1,"8":3,"9":3,"10":4,"11":4,"12":4,"13":4,"14":2,"15":2,"16":3},"f":{"0":3,"1":3,"2":4,"3":4},"b":{}}
,"D:\\ecommerce\\ecommerce-api\\src\\controllers\\cartController.ts": {"path":"D:\\ecommerce\\ecommerce-api\\src\\controllers\\cartController.ts","statementMap":{"0":{"start":{"line":2,"column":0},"end":{"line":2,"column":77}},"1":{"start":{"line":4,"column":32},"end":{"line":13,"column":2}},"2":{"start":{"line":4,"column":66},"end":{"line":13,"column":2}},"3":{"start":{"line":5,"column":2},"end":{"line":12,"column":3}},"4":{"start":{"line":6,"column":36},"end":{"line":6,"column":44}},"5":{"start":{"line":7,"column":19},"end":{"line":7,"column":31}},"6":{"start":{"line":8,"column":21},"end":{"line":8,"column":70}},"7":{"start":{"line":9,"column":4},"end":{"line":9,"column":35}},"8":{"start":{"line":11,"column":4},"end":{"line":11,"column":51}},"9":{"start":{"line":4,"column":13},"end":{"line":4,"column":32}},"10":{"start":{"line":15,"column":24},"end":{"line":23,"column":2}},"11":{"start":{"line":15,"column":58},"end":{"line":23,"column":2}},"12":{"start":{"line":16,"column":2},"end":{"line":22,"column":3}},"13":{"start":{"line":17,"column":19},"end":{"line":17,"column":31}},"14":{"start":{"line":18,"column":22},"end":{"line":18,"column":43}},"15":{"start":{"line":19,"column":4},"end":{"line":19,"column":36}},"16":{"start":{"line":21,"column":4},"end":{"line":21,"column":51}},"17":{"start":{"line":15,"column":13},"end":{"line":15,"column":24}},"18":{"start":{"line":25,"column":30},"end":{"line":34,"column":2}},"19":{"start":{"line":25,"column":64},"end":{"line":34,"column":2}},"20":{"start":{"line":26,"column":2},"end":{"line":33,"column":3}},"21":{"start":{"line":27,"column":19},"end":{"line":27,"column":31}},"22":{"start":{"line":28,"column":22},"end":{"line":28,"column":52}},"23":{"start":{"line":29,"column":4},"end":{"line":29,"column":44}},"24":{"start":{"line":30,"column":4},"end":{"line":30,"column":27}},"25":{"start":{"line":32,"column":4},"end":{"line":32,"column":51}},"26":{"start":{"line":25,"column":13},"end":{"line":25,"column":30}}},"fnMap":{"0":{"name":"(anonymous_7)","decl":{"start":{"line":4,"column":32},"end":{"line":4,"column":39}},"loc":{"start":{"line":4,"column":66},"end":{"line":13,"column":2}}},"1":{"name":"(anonymous_8)","decl":{"start":{"line":4,"column":66},"end":{"line":4,"column":null}},"loc":{"start":{"line":4,"column":66},"end":{"line":13,"column":1}}},"2":{"name":"(anonymous_9)","decl":{"start":{"line":15,"column":24},"end":{"line":15,"column":31}},"loc":{"start":{"line":15,"column":58},"end":{"line":23,"column":2}}},"3":{"name":"(anonymous_10)","decl":{"start":{"line":15,"column":58},"end":{"line":15,"column":null}},"loc":{"start":{"line":15,"column":58},"end":{"line":23,"column":1}}},"4":{"name":"(anonymous_11)","decl":{"start":{"line":25,"column":30},"end":{"line":25,"column":37}},"loc":{"start":{"line":25,"column":64},"end":{"line":34,"column":2}}},"5":{"name":"(anonymous_12)","decl":{"start":{"line":25,"column":64},"end":{"line":25,"column":null}},"loc":{"start":{"line":25,"column":64},"end":{"line":34,"column":1}}}},"branchMap":{"0":{"loc":{"start":{"line":7,"column":19},"end":{"line":7,"column":31}},"type":"cond-expr","locations":[{"start":{"line":7,"column":27},"end":{"line":7,"column":29}},{"start":{"line":7,"column":27},"end":{"line":7,"column":31}}]},"1":{"loc":{"start":{"line":7,"column":19},"end":{"line":7,"column":29}},"type":"binary-expr","locations":[{"start":{"line":7,"column":19},"end":{"line":7,"column":29}},{"start":{"line":7,"column":27},"end":{"line":7,"column":29}}]},"2":{"loc":{"start":{"line":8,"column":56},"end":{"line":8,"column":69}},"type":"binary-expr","locations":[{"start":{"line":8,"column":56},"end":{"line":8,"column":64}},{"start":{"line":8,"column":68},"end":{"line":8,"column":69}}]},"3":{"loc":{"start":{"line":17,"column":19},"end":{"line":17,"column":31}},"type":"cond-expr","locations":[{"start":{"line":17,"column":27},"end":{"line":17,"column":29}},{"start":{"line":17,"column":27},"end":{"line":17,"column":31}}]},"4":{"loc":{"start":{"line":17,"column":19},"end":{"line":17,"column":29}},"type":"binary-expr","locations":[{"start":{"line":17,"column":19},"end":{"line":17,"column":29}},{"start":{"line":17,"column":27},"end":{"line":17,"column":29}}]},"5":{"loc":{"start":{"line":27,"column":19},"end":{"line":27,"column":31}},"type":"cond-expr","locations":[{"start":{"line":27,"column":27},"end":{"line":27,"column":29}},{"start":{"line":27,"column":27},"end":{"line":27,"column":31}}]},"6":{"loc":{"start":{"line":27,"column":19},"end":{"line":27,"column":29}},"type":"binary-expr","locations":[{"start":{"line":27,"column":19},"end":{"line":27,"column":29}},{"start":{"line":27,"column":27},"end":{"line":27,"column":29}}]}},"s":{"0":3,"1":3,"2":0,"3":0,"4":0,"5":0,"6":0,"7":0,"8":0,"9":3,"10":3,"11":0,"12":0,"13":0,"14":0,"15":0,"16":0,"17":3,"18":3,"19":0,"20":0,"21":0,"22":0,"23":0,"24":0,"25":0,"26":3},"f":{"0":0,"1":0,"2":0,"3":0,"4":0,"5":0},"b":{"0":[0,0],"1":[0,0],"2":[0,0],"3":[0,0],"4":[0,0],"5":[0,0],"6":[0,0]}}
,"D:\\ecommerce\\ecommerce-api\\src\\controllers\\categoryController.ts": {"path":"D:\\ecommerce\\ecommerce-api\\src\\controllers\\categoryController.ts","statementMap":{"0":{"start":{"line":2,"column":0},"end":{"line":2,"column":106}},"1":{"start":{"line":4,"column":30},"end":{"line":11,"column":2}},"2":{"start":{"line":4,"column":68},"end":{"line":11,"column":2}},"3":{"start":{"line":5,"column":2},"end":{"line":10,"column":3}},"4":{"start":{"line":6,"column":21},"end":{"line":6,"column":48}},"5":{"start":{"line":7,"column":4},"end":{"line":7,"column":35}},"6":{"start":{"line":9,"column":4},"end":{"line":9,"column":51}},"7":{"start":{"line":4,"column":13},"end":{"line":4,"column":30}},"8":{"start":{"line":13,"column":29},"end":{"line":20,"column":2}},"9":{"start":{"line":13,"column":67},"end":{"line":20,"column":2}},"10":{"start":{"line":14,"column":2},"end":{"line":19,"column":3}},"11":{"start":{"line":15,"column":23},"end":{"line":15,"column":45}},"12":{"start":{"line":16,"column":4},"end":{"line":16,"column":37}},"13":{"start":{"line":18,"column":4},"end":{"line":18,"column":51}},"14":{"start":{"line":13,"column":13},"end":{"line":13,"column":29}},"15":{"start":{"line":22,"column":30},"end":{"line":29,"column":2}},"16":{"start":{"line":22,"column":68},"end":{"line":29,"column":2}},"17":{"start":{"line":23,"column":2},"end":{"line":28,"column":3}},"18":{"start":{"line":24,"column":28},"end":{"line":24,"column":83}},"19":{"start":{"line":25,"column":4},"end":{"line":25,"column":42}},"20":{"start":{"line":27,"column":4},"end":{"line":27,"column":51}},"21":{"start":{"line":22,"column":13},"end":{"line":22,"column":30}},"22":{"start":{"line":31,"column":30},"end":{"line":38,"column":2}},"23":{"start":{"line":31,"column":68},"end":{"line":38,"column":2}},"24":{"start":{"line":32,"column":2},"end":{"line":37,"column":3}},"25":{"start":{"line":33,"column":4},"end":{"line":33,"column":50}},"26":{"start":{"line":34,"column":4},"end":{"line":34,"column":27}},"27":{"start":{"line":36,"column":4},"end":{"line":36,"column":51}},"28":{"start":{"line":31,"column":13},"end":{"line":31,"column":30}}},"fnMap":{"0":{"name":"(anonymous_7)","decl":{"start":{"line":4,"column":30},"end":{"line":4,"column":37}},"loc":{"start":{"line":4,"column":68},"end":{"line":11,"column":2}}},"1":{"name":"(anonymous_8)","decl":{"start":{"line":4,"column":68},"end":{"line":4,"column":null}},"loc":{"start":{"line":4,"column":68},"end":{"line":11,"column":1}}},"2":{"name":"(anonymous_9)","decl":{"start":{"line":13,"column":29},"end":{"line":13,"column":36}},"loc":{"start":{"line":13,"column":67},"end":{"line":20,"column":2}}},"3":{"name":"(anonymous_10)","decl":{"start":{"line":13,"column":67},"end":{"line":13,"column":null}},"loc":{"start":{"line":13,"column":67},"end":{"line":20,"column":1}}},"4":{"name":"(anonymous_11)","decl":{"start":{"line":22,"column":30},"end":{"line":22,"column":37}},"loc":{"start":{"line":22,"column":68},"end":{"line":29,"column":2}}},"5":{"name":"(anonymous_12)","decl":{"start":{"line":22,"column":68},"end":{"line":22,"column":null}},"loc":{"start":{"line":22,"column":68},"end":{"line":29,"column":1}}},"6":{"name":"(anonymous_13)","decl":{"start":{"line":31,"column":30},"end":{"line":31,"column":37}},"loc":{"start":{"line":31,"column":68},"end":{"line":38,"column":2}}},"7":{"name":"(anonymous_14)","decl":{"start":{"line":31,"column":68},"end":{"line":31,"column":null}},"loc":{"start":{"line":31,"column":68},"end":{"line":38,"column":1}}}},"branchMap":{},"s":{"0":3,"1":3,"2":0,"3":0,"4":0,"5":0,"6":0,"7":3,"8":3,"9":0,"10":0,"11":0,"12":0,"13":0,"14":3,"15":3,"16":0,"17":0,"18":0,"19":0,"20":0,"21":3,"22":3,"23":0,"24":0,"25":0,"26":0,"27":0,"28":3},"f":{"0":0,"1":0,"2":0,"3":0,"4":0,"5":0,"6":0,"7":0},"b":{}}
,"D:\\ecommerce\\ecommerce-api\\src\\controllers\\orderController.ts": {"path":"D:\\ecommerce\\ecommerce-api\\src\\controllers\\orderController.ts","statementMap":{"0":{"start":{"line":2,"column":0},"end":{"line":2,"column":119}},"1":{"start":{"line":4,"column":27},"end":{"line":12,"column":2}},"2":{"start":{"line":4,"column":61},"end":{"line":12,"column":2}},"3":{"start":{"line":5,"column":2},"end":{"line":11,"column":3}},"4":{"start":{"line":6,"column":19},"end":{"line":6,"column":31}},"5":{"start":{"line":7,"column":18},"end":{"line":7,"column":42}},"6":{"start":{"line":8,"column":4},"end":{"line":8,"column":32}},"7":{"start":{"line":10,"column":4},"end":{"line":10,"column":51}},"8":{"start":{"line":4,"column":13},"end":{"line":4,"column":27}},"9":{"start":{"line":15,"column":25},"end":{"line":22,"column":2}},"10":{"start":{"line":15,"column":59},"end":{"line":22,"column":2}},"11":{"start":{"line":16,"column":2},"end":{"line":21,"column":3}},"12":{"start":{"line":17,"column":19},"end":{"line":17,"column":104}},"13":{"start":{"line":18,"column":4},"end":{"line":18,"column":33}},"14":{"start":{"line":20,"column":4},"end":{"line":20,"column":51}},"15":{"start":{"line":15,"column":13},"end":{"line":15,"column":25}},"16":{"start":{"line":25,"column":27},"end":{"line":32,"column":2}},"17":{"start":{"line":25,"column":61},"end":{"line":32,"column":2}},"18":{"start":{"line":26,"column":2},"end":{"line":31,"column":3}},"19":{"start":{"line":27,"column":4},"end":{"line":27,"column":65}},"20":{"start":{"line":28,"column":4},"end":{"line":28,"column":27}},"21":{"start":{"line":30,"column":4},"end":{"line":30,"column":51}},"22":{"start":{"line":25,"column":13},"end":{"line":25,"column":27}},"23":{"start":{"line":35,"column":27},"end":{"line":42,"column":2}},"24":{"start":{"line":35,"column":61},"end":{"line":42,"column":2}},"25":{"start":{"line":36,"column":2},"end":{"line":41,"column":3}},"26":{"start":{"line":37,"column":25},"end":{"line":37,"column":90}},"27":{"start":{"line":38,"column":4},"end":{"line":38,"column":39}},"28":{"start":{"line":40,"column":4},"end":{"line":40,"column":51}},"29":{"start":{"line":35,"column":13},"end":{"line":35,"column":27}}},"fnMap":{"0":{"name":"(anonymous_7)","decl":{"start":{"line":4,"column":27},"end":{"line":4,"column":34}},"loc":{"start":{"line":4,"column":61},"end":{"line":12,"column":2}}},"1":{"name":"(anonymous_8)","decl":{"start":{"line":4,"column":61},"end":{"line":4,"column":null}},"loc":{"start":{"line":4,"column":61},"end":{"line":12,"column":1}}},"2":{"name":"(anonymous_9)","decl":{"start":{"line":15,"column":25},"end":{"line":15,"column":32}},"loc":{"start":{"line":15,"column":59},"end":{"line":22,"column":2}}},"3":{"name":"(anonymous_10)","decl":{"start":{"line":15,"column":59},"end":{"line":15,"column":null}},"loc":{"start":{"line":15,"column":59},"end":{"line":22,"column":1}}},"4":{"name":"(anonymous_11)","decl":{"start":{"line":25,"column":27},"end":{"line":25,"column":34}},"loc":{"start":{"line":25,"column":61},"end":{"line":32,"column":2}}},"5":{"name":"(anonymous_12)","decl":{"start":{"line":25,"column":61},"end":{"line":25,"column":null}},"loc":{"start":{"line":25,"column":61},"end":{"line":32,"column":1}}},"6":{"name":"(anonymous_13)","decl":{"start":{"line":35,"column":27},"end":{"line":35,"column":34}},"loc":{"start":{"line":35,"column":61},"end":{"line":42,"column":2}}},"7":{"name":"(anonymous_14)","decl":{"start":{"line":35,"column":61},"end":{"line":35,"column":null}},"loc":{"start":{"line":35,"column":61},"end":{"line":42,"column":1}}}},"branchMap":{"0":{"loc":{"start":{"line":6,"column":19},"end":{"line":6,"column":31}},"type":"cond-expr","locations":[{"start":{"line":6,"column":27},"end":{"line":6,"column":29}},{"start":{"line":6,"column":27},"end":{"line":6,"column":31}}]},"1":{"loc":{"start":{"line":6,"column":19},"end":{"line":6,"column":29}},"type":"binary-expr","locations":[{"start":{"line":6,"column":19},"end":{"line":6,"column":29}},{"start":{"line":6,"column":27},"end":{"line":6,"column":29}}]},"2":{"loc":{"start":{"line":17,"column":19},"end":{"line":17,"column":104}},"type":"cond-expr","locations":[{"start":{"line":17,"column":48},"end":{"line":17,"column":68}},{"start":{"line":17,"column":71},"end":{"line":17,"column":104}}]},"3":{"loc":{"start":{"line":17,"column":19},"end":{"line":17,"column":33}},"type":"cond-expr","locations":[{"start":{"line":17,"column":27},"end":{"line":17,"column":29}},{"start":{"line":17,"column":27},"end":{"line":17,"column":33}}]},"4":{"loc":{"start":{"line":17,"column":19},"end":{"line":17,"column":29}},"type":"binary-expr","locations":[{"start":{"line":17,"column":19},"end":{"line":17,"column":29}},{"start":{"line":17,"column":27},"end":{"line":17,"column":29}}]},"5":{"loc":{"start":{"line":17,"column":91},"end":{"line":17,"column":103}},"type":"cond-expr","locations":[{"start":{"line":17,"column":99},"end":{"line":17,"column":101}},{"start":{"line":17,"column":99},"end":{"line":17,"column":103}}]},"6":{"loc":{"start":{"line":17,"column":91},"end":{"line":17,"column":101}},"type":"binary-expr","locations":[{"start":{"line":17,"column":91},"end":{"line":17,"column":101}},{"start":{"line":17,"column":99},"end":{"line":17,"column":101}}]},"7":{"loc":{"start":{"line":27,"column":26},"end":{"line":27,"column":38}},"type":"cond-expr","locations":[{"start":{"line":27,"column":34},"end":{"line":27,"column":36}},{"start":{"line":27,"column":34},"end":{"line":27,"column":38}}]},"8":{"loc":{"start":{"line":27,"column":26},"end":{"line":27,"column":36}},"type":"binary-expr","locations":[{"start":{"line":27,"column":26},"end":{"line":27,"column":36}},{"start":{"line":27,"column":34},"end":{"line":27,"column":36}}]}},"s":{"0":3,"1":3,"2":0,"3":0,"4":0,"5":0,"6":0,"7":0,"8":3,"9":3,"10":0,"11":0,"12":0,"13":0,"14":0,"15":3,"16":3,"17":0,"18":0,"19":0,"20":0,"21":0,"22":3,"23":3,"24":0,"25":0,"26":0,"27":0,"28":0,"29":3},"f":{"0":0,"1":0,"2":0,"3":0,"4":0,"5":0,"6":0,"7":0},"b":{"0":[0,0],"1":[0,0],"2":[0,0],"3":[0,0],"4":[0,0],"5":[0,0],"6":[0,0],"7":[0,0],"8":[0,0]}}
,"D:\\ecommerce\\ecommerce-api\\src\\controllers\\productController.ts": {"path":"D:\\ecommerce\\ecommerce-api\\src\\controllers\\productController.ts","statementMap":{"0":{"start":{"line":2,"column":0},"end":{"line":2,"column":100}},"1":{"start":{"line":4,"column":29},"end":{"line":11,"column":2}},"2":{"start":{"line":4,"column":67},"end":{"line":11,"column":2}},"3":{"start":{"line":5,"column":2},"end":{"line":10,"column":3}},"4":{"start":{"line":6,"column":20},"end":{"line":6,"column":56}},"5":{"start":{"line":7,"column":4},"end":{"line":7,"column":34}},"6":{"start":{"line":9,"column":4},"end":{"line":9,"column":51}},"7":{"start":{"line":4,"column":13},"end":{"line":4,"column":29}},"8":{"start":{"line":13,"column":27},"end":{"line":21,"column":2}},"9":{"start":{"line":13,"column":65},"end":{"line":21,"column":2}},"10":{"start":{"line":14,"column":2},"end":{"line":20,"column":3}},"11":{"start":{"line":15,"column":20},"end":{"line":15,"column":29}},"12":{"start":{"line":16,"column":21},"end":{"line":16,"column":48}},"13":{"start":{"line":17,"column":4},"end":{"line":17,"column":35}},"14":{"start":{"line":19,"column":4},"end":{"line":19,"column":51}},"15":{"start":{"line":13,"column":13},"end":{"line":13,"column":27}},"16":{"start":{"line":24,"column":29},"end":{"line":31,"column":2}},"17":{"start":{"line":24,"column":67},"end":{"line":31,"column":2}},"18":{"start":{"line":25,"column":2},"end":{"line":30,"column":3}},"19":{"start":{"line":26,"column":27},"end":{"line":26,"column":81}},"20":{"start":{"line":27,"column":4},"end":{"line":27,"column":41}},"21":{"start":{"line":29,"column":4},"end":{"line":29,"column":51}},"22":{"start":{"line":24,"column":13},"end":{"line":24,"column":29}},"23":{"start":{"line":33,"column":29},"end":{"line":40,"column":2}},"24":{"start":{"line":33,"column":67},"end":{"line":40,"column":2}},"25":{"start":{"line":34,"column":2},"end":{"line":39,"column":3}},"26":{"start":{"line":35,"column":4},"end":{"line":35,"column":49}},"27":{"start":{"line":36,"column":4},"end":{"line":36,"column":27}},"28":{"start":{"line":38,"column":4},"end":{"line":38,"column":51}},"29":{"start":{"line":33,"column":13},"end":{"line":33,"column":29}}},"fnMap":{"0":{"name":"(anonymous_7)","decl":{"start":{"line":4,"column":29},"end":{"line":4,"column":36}},"loc":{"start":{"line":4,"column":67},"end":{"line":11,"column":2}}},"1":{"name":"(anonymous_8)","decl":{"start":{"line":4,"column":67},"end":{"line":4,"column":null}},"loc":{"start":{"line":4,"column":67},"end":{"line":11,"column":1}}},"2":{"name":"(anonymous_9)","decl":{"start":{"line":13,"column":27},"end":{"line":13,"column":34}},"loc":{"start":{"line":13,"column":65},"end":{"line":21,"column":2}}},"3":{"name":"(anonymous_10)","decl":{"start":{"line":13,"column":65},"end":{"line":13,"column":null}},"loc":{"start":{"line":13,"column":65},"end":{"line":21,"column":1}}},"4":{"name":"(anonymous_11)","decl":{"start":{"line":24,"column":29},"end":{"line":24,"column":36}},"loc":{"start":{"line":24,"column":67},"end":{"line":31,"column":2}}},"5":{"name":"(anonymous_12)","decl":{"start":{"line":24,"column":67},"end":{"line":24,"column":null}},"loc":{"start":{"line":24,"column":67},"end":{"line":31,"column":1}}},"6":{"name":"(anonymous_13)","decl":{"start":{"line":33,"column":29},"end":{"line":33,"column":36}},"loc":{"start":{"line":33,"column":67},"end":{"line":40,"column":2}}},"7":{"name":"(anonymous_14)","decl":{"start":{"line":33,"column":67},"end":{"line":33,"column":null}},"loc":{"start":{"line":33,"column":67},"end":{"line":40,"column":1}}}},"branchMap":{},"s":{"0":3,"1":3,"2":0,"3":0,"4":0,"5":0,"6":0,"7":3,"8":3,"9":1,"10":1,"11":1,"12":1,"13":1,"14":0,"15":3,"16":3,"17":0,"18":0,"19":0,"20":0,"21":0,"22":3,"23":3,"24":0,"25":0,"26":0,"27":0,"28":0,"29":3},"f":{"0":0,"1":0,"2":1,"3":1,"4":0,"5":0,"6":0,"7":0},"b":{}}
,"D:\\ecommerce\\ecommerce-api\\src\\middleware\\authMiddleware.ts": {"path":"D:\\ecommerce\\ecommerce-api\\src\\middleware\\authMiddleware.ts","statementMap":{"0":{"start":{"line":2,"column":0},"end":{"line":2,"column":31}},"1":{"start":{"line":3,"column":0},"end":{"line":3,"column":28}},"2":{"start":{"line":5,"column":0},"end":{"line":5,"column":16}},"3":{"start":{"line":11,"column":32},"end":{"line":26,"column":1}},"4":{"start":{"line":12,"column":16},"end":{"line":12,"column":58}},"5":{"start":{"line":14,"column":2},"end":{"line":17,"column":3}},"6":{"start":{"line":15,"column":4},"end":{"line":15,"column":72}},"7":{"start":{"line":16,"column":4},"end":{"line":16,"column":11}},"8":{"start":{"line":19,"column":2},"end":{"line":25,"column":3}},"9":{"start":{"line":20,"column":20},"end":{"line":20,"column":71}},"10":{"start":{"line":21,"column":4},"end":{"line":21,"column":23}},"11":{"start":{"line":22,"column":4},"end":{"line":22,"column":11}},"12":{"start":{"line":24,"column":4},"end":{"line":24,"column":65}},"13":{"start":{"line":11,"column":13},"end":{"line":11,"column":32}},"14":{"start":{"line":28,"column":30},"end":{"line":34,"column":1}},"15":{"start":{"line":29,"column":2},"end":{"line":32,"column":3}},"16":{"start":{"line":30,"column":4},"end":{"line":30,"column":69}},"17":{"start":{"line":31,"column":4},"end":{"line":31,"column":11}},"18":{"start":{"line":33,"column":2},"end":{"line":33,"column":9}},"19":{"start":{"line":28,"column":13},"end":{"line":28,"column":30}}},"fnMap":{"0":{"name":"(anonymous_1)","decl":{"start":{"line":11,"column":32},"end":{"line":11,"column":33}},"loc":{"start":{"line":11,"column":103},"end":{"line":26,"column":1}}},"1":{"name":"(anonymous_2)","decl":{"start":{"line":28,"column":30},"end":{"line":28,"column":31}},"loc":{"start":{"line":28,"column":101},"end":{"line":34,"column":1}}}},"branchMap":{"0":{"loc":{"start":{"line":12,"column":16},"end":{"line":12,"column":58}},"type":"cond-expr","locations":[{"start":{"line":12,"column":43},"end":{"line":12,"column":45}},{"start":{"line":12,"column":43},"end":{"line":12,"column":58}}]},"1":{"loc":{"start":{"line":12,"column":16},"end":{"line":12,"column":45}},"type":"binary-expr","locations":[{"start":{"line":12,"column":16},"end":{"line":12,"column":45}},{"start":{"line":12,"column":43},"end":{"line":12,"column":45}}]},"2":{"loc":{"start":{"line":14,"column":2},"end":{"line":17,"column":3}},"type":"if","locations":[{"start":{"line":14,"column":2},"end":{"line":17,"column":3}}]},"3":{"loc":{"start":{"line":29,"column":2},"end":{"line":32,"column":3}},"type":"if","locations":[{"start":{"line":29,"column":2},"end":{"line":32,"column":3}}]},"4":{"loc":{"start":{"line":29,"column":6},"end":{"line":29,"column":44}},"type":"binary-expr","locations":[{"start":{"line":29,"column":6},"end":{"line":29,"column":15}},{"start":{"line":29,"column":19},"end":{"line":29,"column":44}}]}},"s":{"0":3,"1":3,"2":3,"3":3,"4":4,"5":4,"6":4,"7":4,"8":0,"9":0,"10":0,"11":0,"12":0,"13":3,"14":3,"15":0,"16":0,"17":0,"18":0,"19":3},"f":{"0":4,"1":0},"b":{"0":[4,0],"1":[4,4],"2":[4],"3":[0],"4":[0,0]}}
,"D:\\ecommerce\\ecommerce-api\\src\\middleware\\uploadMiddleware.ts": {"path":"D:\\ecommerce\\ecommerce-api\\src\\middleware\\uploadMiddleware.ts","statementMap":{"0":{"start":{"line":1,"column":0},"end":{"line":1,"column":28}},"1":{"start":{"line":2,"column":0},"end":{"line":2,"column":62}},"2":{"start":{"line":3,"column":0},"end":{"line":3,"column":46}},"3":{"start":{"line":6,"column":16},"end":{"line":12,"column":2}},"4":{"start":{"line":8,"column":30},"end":{"line":11,"column":null}},"5":{"start":{"line":8,"column":31},"end":{"line":11,"column":null}},"6":{"start":{"line":14,"column":15},"end":{"line":14,"column":34}},"7":{"start":{"line":16,"column":0},"end":{"line":16,"column":22}}},"fnMap":{"0":{"name":"(anonymous_8)","decl":{"start":{"line":8,"column":10},"end":{"line":8,"column":17}},"loc":{"start":{"line":8,"column":30},"end":{"line":11,"column":null}}},"1":{"name":"(anonymous_9)","decl":{"start":{"line":8,"column":30},"end":{"line":8,"column":31}},"loc":{"start":{"line":8,"column":30},"end":{"line":11,"column":null}}}},"branchMap":{},"s":{"0":3,"1":3,"2":3,"3":3,"4":0,"5":0,"6":3,"7":3},"f":{"0":0,"1":0},"b":{}}
,"D:\\ecommerce\\ecommerce-api\\src\\models\\Cart.ts": {"path":"D:\\ecommerce\\ecommerce-api\\src\\models\\Cart.ts","statementMap":{"0":{"start":{"line":1,"column":0},"end":{"line":1,"column":45}},"1":{"start":{"line":2,"column":0},"end":{"line":2,"column":43}},"2":{"start":{"line":3,"column":0},"end":{"line":3,"column":26}},"3":{"start":{"line":4,"column":0},"end":{"line":4,"column":32}},"4":{"start":{"line":16,"column":0},"end":{"line":48,"column":2}},"5":{"start":{"line":50,"column":0},"end":{"line":50,"column":47}},"6":{"start":{"line":51,"column":0},"end":{"line":51,"column":53}},"7":{"start":{"line":53,"column":0},"end":{"line":53,"column":20}}},"fnMap":{},"branchMap":{},"s":{"0":3,"1":3,"2":3,"3":3,"4":3,"5":3,"6":3,"7":3},"f":{},"b":{}}
,"D:\\ecommerce\\ecommerce-api\\src\\models\\Category.ts": {"path":"D:\\ecommerce\\ecommerce-api\\src\\models\\Category.ts","statementMap":{"0":{"start":{"line":1,"column":0},"end":{"line":1,"column":45}},"1":{"start":{"line":2,"column":0},"end":{"line":2,"column":43}},"2":{"start":{"line":12,"column":0},"end":{"line":23,"column":2}},"3":{"start":{"line":25,"column":0},"end":{"line":25,"column":24}}},"fnMap":{},"branchMap":{},"s":{"0":6,"1":6,"2":6,"3":6},"f":{},"b":{}}
,"D:\\ecommerce\\ecommerce-api\\src\\models\\Order.ts": {"path":"D:\\ecommerce\\ecommerce-api\\src\\models\\Order.ts","statementMap":{"0":{"start":{"line":1,"column":0},"end":{"line":1,"column":45}},"1":{"start":{"line":2,"column":0},"end":{"line":2,"column":43}},"2":{"start":{"line":3,"column":0},"end":{"line":3,"column":26}},"3":{"start":{"line":13,"column":0},"end":{"line":35,"column":2}},"4":{"start":{"line":37,"column":0},"end":{"line":37,"column":48}},"5":{"start":{"line":39,"column":0},"end":{"line":39,"column":21}}},"fnMap":{},"branchMap":{},"s":{"0":3,"1":3,"2":3,"3":3,"4":3,"5":3},"f":{},"b":{}}
,"D:\\ecommerce\\ecommerce-api\\src\\models\\Product.ts": {"path":"D:\\ecommerce\\ecommerce-api\\src\\models\\Product.ts","statementMap":{"0":{"start":{"line":1,"column":0},"end":{"line":1,"column":45}},"1":{"start":{"line":2,"column":0},"end":{"line":2,"column":43}},"2":{"start":{"line":3,"column":0},"end":{"line":3,"column":34}},"3":{"start":{"line":15,"column":0},"end":{"line":53,"column":2}},"4":{"start":{"line":55,"column":0},"end":{"line":55,"column":58}},"5":{"start":{"line":57,"column":0},"end":{"line":57,"column":23}}},"fnMap":{},"branchMap":{},"s":{"0":5,"1":5,"2":5,"3":5,"4":5,"5":5},"f":{},"b":{}}
,"D:\\ecommerce\\ecommerce-api\\src\\models\\User.ts": {"path":"D:\\ecommerce\\ecommerce-api\\src\\models\\User.ts","statementMap":{"0":{"start":{"line":1,"column":0},"end":{"line":1,"column":45}},"1":{"start":{"line":2,"column":0},"end":{"line":2,"column":43}},"2":{"start":{"line":13,"column":0},"end":{"line":39,"column":2}},"3":{"start":{"line":41,"column":0},"end":{"line":41,"column":20}}},"fnMap":{},"branchMap":{},"s":{"0":4,"1":4,"2":4,"3":4},"f":{},"b":{}}
,"D:\\ecommerce\\ecommerce-api\\src\\repositories\\authRepository.ts": {"path":"D:\\ecommerce\\ecommerce-api\\src\\repositories\\authRepository.ts","statementMap":{"0":{"start":{"line":1,"column":0},"end":{"line":1,"column":34}},"1":{"start":{"line":3,"column":26},"end":{"line":5,"column":2}},"2":{"start":{"line":3,"column":50},"end":{"line":5,"column":2}},"3":{"start":{"line":4,"column":2},"end":{"line":4,"column":37}},"4":{"start":{"line":3,"column":13},"end":{"line":3,"column":26}},"5":{"start":{"line":7,"column":31},"end":{"line":9,"column":2}},"6":{"start":{"line":7,"column":55},"end":{"line":9,"column":2}},"7":{"start":{"line":8,"column":2},"end":{"line":8,"column":50}},"8":{"start":{"line":7,"column":13},"end":{"line":7,"column":31}}},"fnMap":{"0":{"name":"(anonymous_8)","decl":{"start":{"line":3,"column":26},"end":{"line":3,"column":33}},"loc":{"start":{"line":3,"column":50},"end":{"line":5,"column":2}}},"1":{"name":"(anonymous_9)","decl":{"start":{"line":3,"column":50},"end":{"line":3,"column":null}},"loc":{"start":{"line":3,"column":50},"end":{"line":5,"column":1}}},"2":{"name":"(anonymous_10)","decl":{"start":{"line":7,"column":31},"end":{"line":7,"column":38}},"loc":{"start":{"line":7,"column":55},"end":{"line":9,"column":2}}},"3":{"name":"(anonymous_11)","decl":{"start":{"line":7,"column":55},"end":{"line":7,"column":null}},"loc":{"start":{"line":7,"column":55},"end":{"line":9,"column":1}}}},"branchMap":{},"s":{"0":3,"1":3,"2":1,"3":1,"4":3,"5":3,"6":2,"7":2,"8":3},"f":{"0":1,"1":1,"2":2,"3":2},"b":{}}
,"D:\\ecommerce\\ecommerce-api\\src\\repositories\\cartRepository.ts": {"path":"D:\\ecommerce\\ecommerce-api\\src\\repositories\\cartRepository.ts","statementMap":{"0":{"start":{"line":29,"column":0},"end":{"line":29,"column":16}},"1":{"start":{"line":33,"column":0},"end":{"line":33,"column":16}},"2":{"start":{"line":37,"column":0},"end":{"line":37,"column":16}},"3":{"start":{"line":1,"column":0},"end":{"line":1,"column":34}},"4":{"start":{"line":2,"column":0},"end":{"line":2,"column":40}},"5":{"start":{"line":4,"column":25},"end":{"line":15,"column":2}},"6":{"start":{"line":4,"column":87},"end":{"line":15,"column":2}},"7":{"start":{"line":5,"column":18},"end":{"line":5,"column":51}},"8":{"start":{"line":6,"column":2},"end":{"line":6,"column":53}},"9":{"start":{"line":6,"column":16},"end":{"line":6,"column":53}},"10":{"start":{"line":9,"column":2},"end":{"line":14,"column":5}},"11":{"start":{"line":4,"column":13},"end":{"line":4,"column":25}},"12":{"start":{"line":17,"column":28},"end":{"line":19,"column":2}},"13":{"start":{"line":17,"column":53},"end":{"line":19,"column":2}},"14":{"start":{"line":18,"column":2},"end":{"line":18,"column":71}},"15":{"start":{"line":17,"column":13},"end":{"line":17,"column":28}},"16":{"start":{"line":21,"column":30},"end":{"line":23,"column":2}},"17":{"start":{"line":21,"column":71},"end":{"line":23,"column":2}},"18":{"start":{"line":22,"column":2},"end":{"line":22,"column":63}},"19":{"start":{"line":21,"column":13},"end":{"line":21,"column":30}},"20":{"start":{"line":25,"column":25},"end":{"line":27,"column":2}},"21":{"start":{"line":25,"column":50},"end":{"line":27,"column":2}},"22":{"start":{"line":26,"column":2},"end":{"line":26,"column":51}},"23":{"start":{"line":25,"column":13},"end":{"line":25,"column":25}},"24":{"start":{"line":30,"column":4},"end":{"line":30,"column":49}},"25":{"start":{"line":34,"column":4},"end":{"line":34,"column":49}},"26":{"start":{"line":38,"column":4},"end":{"line":38,"column":49}}},"fnMap":{"0":{"name":"(anonymous_8)","decl":{"start":{"line":4,"column":25},"end":{"line":4,"column":32}},"loc":{"start":{"line":4,"column":87},"end":{"line":15,"column":2}}},"1":{"name":"(anonymous_9)","decl":{"start":{"line":4,"column":87},"end":{"line":4,"column":null}},"loc":{"start":{"line":4,"column":87},"end":{"line":15,"column":1}}},"2":{"name":"(anonymous_10)","decl":{"start":{"line":17,"column":28},"end":{"line":17,"column":35}},"loc":{"start":{"line":17,"column":53},"end":{"line":19,"column":2}}},"3":{"name":"(anonymous_11)","decl":{"start":{"line":17,"column":53},"end":{"line":17,"column":null}},"loc":{"start":{"line":17,"column":53},"end":{"line":19,"column":1}}},"4":{"name":"(anonymous_12)","decl":{"start":{"line":21,"column":30},"end":{"line":21,"column":37}},"loc":{"start":{"line":21,"column":71},"end":{"line":23,"column":2}}},"5":{"name":"(anonymous_13)","decl":{"start":{"line":21,"column":71},"end":{"line":21,"column":null}},"loc":{"start":{"line":21,"column":71},"end":{"line":23,"column":1}}},"6":{"name":"(anonymous_14)","decl":{"start":{"line":25,"column":25},"end":{"line":25,"column":32}},"loc":{"start":{"line":25,"column":50},"end":{"line":27,"column":2}}},"7":{"name":"(anonymous_15)","decl":{"start":{"line":25,"column":50},"end":{"line":25,"column":null}},"loc":{"start":{"line":25,"column":50},"end":{"line":27,"column":1}}},"8":{"name":"getUserCart","decl":{"start":{"line":29,"column":16},"end":{"line":29,"column":27}},"loc":{"start":{"line":29,"column":42},"end":{"line":31,"column":1}}},"9":{"name":"removeFromCart","decl":{"start":{"line":33,"column":16},"end":{"line":33,"column":30}},"loc":{"start":{"line":33,"column":64},"end":{"line":35,"column":1}}},"10":{"name":"updateCartItem","decl":{"start":{"line":37,"column":16},"end":{"line":37,"column":30}},"loc":{"start":{"line":37,"column":85},"end":{"line":39,"column":1}}}},"branchMap":{"0":{"loc":{"start":{"line":6,"column":2},"end":{"line":6,"column":53}},"type":"if","locations":[{"start":{"line":6,"column":2},"end":{"line":6,"column":53}}]}},"s":{"0":1,"1":1,"2":1,"3":1,"4":1,"5":1,"6":1,"7":1,"8":1,"9":1,"10":0,"11":1,"12":1,"13":0,"14":0,"15":1,"16":1,"17":0,"18":0,"19":1,"20":1,"21":0,"22":0,"23":1,"24":1,"25":1,"26":1},"f":{"0":1,"1":1,"2":0,"3":0,"4":0,"5":0,"6":0,"7":0,"8":1,"9":1,"10":1},"b":{"0":[1]}}
,"D:\\ecommerce\\ecommerce-api\\src\\repositories\\categoryRepository.ts": {"path":"D:\\ecommerce\\ecommerce-api\\src\\repositories\\categoryRepository.ts","statementMap":{"0":{"start":{"line":24,"column":0},"end":{"line":24,"column":16}},"1":{"start":{"line":1,"column":0},"end":{"line":1,"column":42}},"2":{"start":{"line":3,"column":30},"end":{"line":5,"column":2}},"3":{"start":{"line":3,"column":58},"end":{"line":5,"column":2}},"4":{"start":{"line":4,"column":2},"end":{"line":4,"column":45}},"5":{"start":{"line":3,"column":13},"end":{"line":3,"column":30}},"6":{"start":{"line":7,"column":32},"end":{"line":9,"column":2}},"7":{"start":{"line":7,"column":43},"end":{"line":9,"column":2}},"8":{"start":{"line":8,"column":2},"end":{"line":8,"column":34}},"9":{"start":{"line":7,"column":13},"end":{"line":7,"column":32}},"10":{"start":{"line":11,"column":32},"end":{"line":13,"column":2}},"11":{"start":{"line":11,"column":53},"end":{"line":13,"column":2}},"12":{"start":{"line":12,"column":2},"end":{"line":12,"column":37}},"13":{"start":{"line":11,"column":13},"end":{"line":11,"column":32}},"14":{"start":{"line":15,"column":30},"end":{"line":18,"column":2}},"15":{"start":{"line":15,"column":68},"end":{"line":18,"column":2}},"16":{"start":{"line":16,"column":2},"end":{"line":16,"column":55}},"17":{"start":{"line":17,"column":2},"end":{"line":17,"column":30}},"18":{"start":{"line":15,"column":13},"end":{"line":15,"column":30}},"19":{"start":{"line":20,"column":30},"end":{"line":22,"column":2}},"20":{"start":{"line":20,"column":51},"end":{"line":22,"column":2}},"21":{"start":{"line":21,"column":2},"end":{"line":21,"column":51}},"22":{"start":{"line":20,"column":13},"end":{"line":20,"column":30}},"23":{"start":{"line":25,"column":4},"end":{"line":25,"column":49}}},"fnMap":{"0":{"name":"(anonymous_8)","decl":{"start":{"line":3,"column":30},"end":{"line":3,"column":37}},"loc":{"start":{"line":3,"column":58},"end":{"line":5,"column":2}}},"1":{"name":"(anonymous_9)","decl":{"start":{"line":3,"column":58},"end":{"line":3,"column":null}},"loc":{"start":{"line":3,"column":58},"end":{"line":5,"column":1}}},"2":{"name":"(anonymous_10)","decl":{"start":{"line":7,"column":32},"end":{"line":7,"column":41}},"loc":{"start":{"line":7,"column":43},"end":{"line":9,"column":2}}},"3":{"name":"(anonymous_11)","decl":{"start":{"line":7,"column":43},"end":{"line":7,"column":null}},"loc":{"start":{"line":7,"column":43},"end":{"line":9,"column":1}}},"4":{"name":"(anonymous_12)","decl":{"start":{"line":11,"column":32},"end":{"line":11,"column":39}},"loc":{"start":{"line":11,"column":53},"end":{"line":13,"column":2}}},"5":{"name":"(anonymous_13)","decl":{"start":{"line":11,"column":53},"end":{"line":11,"column":null}},"loc":{"start":{"line":11,"column":53},"end":{"line":13,"column":1}}},"6":{"name":"(anonymous_14)","decl":{"start":{"line":15,"column":30},"end":{"line":15,"column":37}},"loc":{"start":{"line":15,"column":68},"end":{"line":18,"column":2}}},"7":{"name":"(anonymous_15)","decl":{"start":{"line":15,"column":68},"end":{"line":15,"column":null}},"loc":{"start":{"line":15,"column":68},"end":{"line":18,"column":1}}},"8":{"name":"(anonymous_16)","decl":{"start":{"line":20,"column":30},"end":{"line":20,"column":37}},"loc":{"start":{"line":20,"column":51},"end":{"line":22,"column":2}}},"9":{"name":"(anonymous_17)","decl":{"start":{"line":20,"column":51},"end":{"line":20,"column":null}},"loc":{"start":{"line":20,"column":51},"end":{"line":22,"column":1}}},"10":{"name":"getCategoryById","decl":{"start":{"line":24,"column":16},"end":{"line":24,"column":31}},"loc":{"start":{"line":24,"column":44},"end":{"line":26,"column":1}}}},"branchMap":{},"s":{"0":5,"1":5,"2":5,"3":3,"4":3,"5":5,"6":5,"7":2,"8":2,"9":5,"10":5,"11":3,"12":3,"13":5,"14":5,"15":3,"16":3,"17":3,"18":5,"19":5,"20":3,"21":3,"22":5,"23":1},"f":{"0":3,"1":3,"2":2,"3":2,"4":3,"5":3,"6":3,"7":3,"8":3,"9":3,"10":1},"b":{}}
,"D:\\ecommerce\\ecommerce-api\\src\\repositories\\productRepository.ts": {"path":"D:\\ecommerce\\ecommerce-api\\src\\repositories\\productRepository.ts","statementMap":{"0":{"start":{"line":24,"column":0},"end":{"line":24,"column":16}},"1":{"start":{"line":1,"column":0},"end":{"line":1,"column":40}},"2":{"start":{"line":3,"column":29},"end":{"line":5,"column":2}},"3":{"start":{"line":3,"column":56},"end":{"line":5,"column":2}},"4":{"start":{"line":4,"column":2},"end":{"line":4,"column":43}},"5":{"start":{"line":3,"column":13},"end":{"line":3,"column":29}},"6":{"start":{"line":7,"column":30},"end":{"line":9,"column":2}},"7":{"start":{"line":7,"column":41},"end":{"line":9,"column":2}},"8":{"start":{"line":8,"column":2},"end":{"line":8,"column":33}},"9":{"start":{"line":7,"column":13},"end":{"line":7,"column":30}},"10":{"start":{"line":11,"column":31},"end":{"line":13,"column":2}},"11":{"start":{"line":11,"column":52},"end":{"line":13,"column":2}},"12":{"start":{"line":12,"column":2},"end":{"line":12,"column":36}},"13":{"start":{"line":11,"column":13},"end":{"line":11,"column":31}},"14":{"start":{"line":15,"column":29},"end":{"line":18,"column":2}},"15":{"start":{"line":15,"column":67},"end":{"line":18,"column":2}},"16":{"start":{"line":16,"column":2},"end":{"line":16,"column":54}},"17":{"start":{"line":17,"column":2},"end":{"line":17,"column":29}},"18":{"start":{"line":15,"column":13},"end":{"line":15,"column":29}},"19":{"start":{"line":20,"column":29},"end":{"line":22,"column":2}},"20":{"start":{"line":20,"column":50},"end":{"line":22,"column":2}},"21":{"start":{"line":21,"column":2},"end":{"line":21,"column":50}},"22":{"start":{"line":20,"column":13},"end":{"line":20,"column":29}},"23":{"start":{"line":25,"column":4},"end":{"line":25,"column":49}}},"fnMap":{"0":{"name":"(anonymous_8)","decl":{"start":{"line":3,"column":29},"end":{"line":3,"column":36}},"loc":{"start":{"line":3,"column":56},"end":{"line":5,"column":2}}},"1":{"name":"(anonymous_9)","decl":{"start":{"line":3,"column":56},"end":{"line":3,"column":null}},"loc":{"start":{"line":3,"column":56},"end":{"line":5,"column":1}}},"2":{"name":"(anonymous_10)","decl":{"start":{"line":7,"column":30},"end":{"line":7,"column":39}},"loc":{"start":{"line":7,"column":41},"end":{"line":9,"column":2}}},"3":{"name":"(anonymous_11)","decl":{"start":{"line":7,"column":41},"end":{"line":7,"column":null}},"loc":{"start":{"line":7,"column":41},"end":{"line":9,"column":1}}},"4":{"name":"(anonymous_12)","decl":{"start":{"line":11,"column":31},"end":{"line":11,"column":38}},"loc":{"start":{"line":11,"column":52},"end":{"line":13,"column":2}}},"5":{"name":"(anonymous_13)","decl":{"start":{"line":11,"column":52},"end":{"line":11,"column":null}},"loc":{"start":{"line":11,"column":52},"end":{"line":13,"column":1}}},"6":{"name":"(anonymous_14)","decl":{"start":{"line":15,"column":29},"end":{"line":15,"column":36}},"loc":{"start":{"line":15,"column":67},"end":{"line":18,"column":2}}},"7":{"name":"(anonymous_15)","decl":{"start":{"line":15,"column":67},"end":{"line":15,"column":null}},"loc":{"start":{"line":15,"column":67},"end":{"line":18,"column":1}}},"8":{"name":"(anonymous_16)","decl":{"start":{"line":20,"column":29},"end":{"line":20,"column":36}},"loc":{"start":{"line":20,"column":50},"end":{"line":22,"column":2}}},"9":{"name":"(anonymous_17)","decl":{"start":{"line":20,"column":50},"end":{"line":20,"column":null}},"loc":{"start":{"line":20,"column":50},"end":{"line":22,"column":1}}},"10":{"name":"getProductById","decl":{"start":{"line":24,"column":16},"end":{"line":24,"column":30}},"loc":{"start":{"line":24,"column":43},"end":{"line":26,"column":1}}}},"branchMap":{},"s":{"0":1,"1":1,"2":1,"3":1,"4":1,"5":1,"6":1,"7":1,"8":1,"9":1,"10":1,"11":1,"12":1,"13":1,"14":1,"15":1,"16":1,"17":1,"18":1,"19":1,"20":1,"21":1,"22":1,"23":1},"f":{"0":1,"1":1,"2":1,"3":1,"4":1,"5":1,"6":1,"7":1,"8":1,"9":1,"10":1},"b":{}}
,"D:\\ecommerce\\ecommerce-api\\src\\routes\\authRoutes.ts": {"path":"D:\\ecommerce\\ecommerce-api\\src\\routes\\authRoutes.ts","statementMap":{"0":{"start":{"line":1,"column":0},"end":{"line":1,"column":30}},"1":{"start":{"line":2,"column":0},"end":{"line":2,"column":62}},"2":{"start":{"line":4,"column":15},"end":{"line":4,"column":31}},"3":{"start":{"line":10,"column":0},"end":{"line":10,"column":31}},"4":{"start":{"line":16,"column":0},"end":{"line":16,"column":29}},"5":{"start":{"line":18,"column":0},"end":{"line":18,"column":22}}},"fnMap":{},"branchMap":{},"s":{"0":3,"1":3,"2":3,"3":3,"4":3,"5":3},"f":{},"b":{}}
,"D:\\ecommerce\\ecommerce-api\\src\\routes\\cartRoutes.ts": {"path":"D:\\ecommerce\\ecommerce-api\\src\\routes\\cartRoutes.ts","statementMap":{"0":{"start":{"line":1,"column":0},"end":{"line":1,"column":30}},"1":{"start":{"line":2,"column":0},"end":{"line":2,"column":91}},"2":{"start":{"line":3,"column":0},"end":{"line":3,"column":64}},"3":{"start":{"line":5,"column":15},"end":{"line":5,"column":31}},"4":{"start":{"line":12,"column":0},"end":{"line":12,"column":53}},"5":{"start":{"line":19,"column":0},"end":{"line":19,"column":44}},"6":{"start":{"line":26,"column":0},"end":{"line":26,"column":63}},"7":{"start":{"line":28,"column":0},"end":{"line":28,"column":22}}},"fnMap":{},"branchMap":{},"s":{"0":3,"1":3,"2":3,"3":3,"4":3,"5":3,"6":3,"7":3},"f":{},"b":{}}
,"D:\\ecommerce\\ecommerce-api\\src\\routes\\categoryRoutes.ts": {"path":"D:\\ecommerce\\ecommerce-api\\src\\routes\\categoryRoutes.ts","statementMap":{"0":{"start":{"line":1,"column":0},"end":{"line":1,"column":30}},"1":{"start":{"line":2,"column":0},"end":{"line":2,"column":114}},"2":{"start":{"line":4,"column":15},"end":{"line":4,"column":31}},"3":{"start":{"line":10,"column":0},"end":{"line":10,"column":33}},"4":{"start":{"line":16,"column":0},"end":{"line":16,"column":31}},"5":{"start":{"line":22,"column":0},"end":{"line":22,"column":35}},"6":{"start":{"line":28,"column":0},"end":{"line":28,"column":38}},"7":{"start":{"line":30,"column":0},"end":{"line":30,"column":22}}},"fnMap":{},"branchMap":{},"s":{"0":3,"1":3,"2":3,"3":3,"4":3,"5":3,"6":3,"7":3},"f":{},"b":{}}
,"D:\\ecommerce\\ecommerce-api\\src\\routes\\index.ts": {"path":"D:\\ecommerce\\ecommerce-api\\src\\routes\\index.ts","statementMap":{"0":{"start":{"line":1,"column":0},"end":{"line":1,"column":30}},"1":{"start":{"line":2,"column":0},"end":{"line":2,"column":38}},"2":{"start":{"line":3,"column":0},"end":{"line":3,"column":44}},"3":{"start":{"line":4,"column":0},"end":{"line":4,"column":46}},"4":{"start":{"line":5,"column":0},"end":{"line":5,"column":38}},"5":{"start":{"line":6,"column":0},"end":{"line":6,"column":40}},"6":{"start":{"line":9,"column":15},"end":{"line":9,"column":31}},"7":{"start":{"line":12,"column":0},"end":{"line":12,"column":32}},"8":{"start":{"line":15,"column":0},"end":{"line":15,"column":42}},"9":{"start":{"line":18,"column":0},"end":{"line":18,"column":39}},"10":{"start":{"line":21,"column":0},"end":{"line":21,"column":32}},"11":{"start":{"line":25,"column":0},"end":{"line":25,"column":35}},"12":{"start":{"line":27,"column":0},"end":{"line":27,"column":22}}},"fnMap":{},"branchMap":{},"s":{"0":3,"1":3,"2":3,"3":3,"4":3,"5":3,"6":3,"7":3,"8":3,"9":3,"10":3,"11":3,"12":3},"f":{},"b":{}}
,"D:\\ecommerce\\ecommerce-api\\src\\routes\\orderRoutes.ts": {"path":"D:\\ecommerce\\ecommerce-api\\src\\routes\\orderRoutes.ts","statementMap":{"0":{"start":{"line":1,"column":0},"end":{"line":1,"column":30}},"1":{"start":{"line":2,"column":0},"end":{"line":2,"column":98}},"2":{"start":{"line":3,"column":0},"end":{"line":3,"column":80}},"3":{"start":{"line":5,"column":15},"end":{"line":5,"column":31}},"4":{"start":{"line":12,"column":0},"end":{"line":12,"column":48}},"5":{"start":{"line":19,"column":0},"end":{"line":19,"column":45}},"6":{"start":{"line":26,"column":0},"end":{"line":26,"column":53}},"7":{"start":{"line":33,"column":0},"end":{"line":33,"column":66}},"8":{"start":{"line":35,"column":0},"end":{"line":35,"column":22}}},"fnMap":{},"branchMap":{},"s":{"0":3,"1":3,"2":3,"3":3,"4":3,"5":3,"6":3,"7":3,"8":3},"f":{},"b":{}}
,"D:\\ecommerce\\ecommerce-api\\src\\routes\\productRoutes.ts": {"path":"D:\\ecommerce\\ecommerce-api\\src\\routes\\productRoutes.ts","statementMap":{"0":{"start":{"line":1,"column":0},"end":{"line":1,"column":30}},"1":{"start":{"line":2,"column":0},"end":{"line":2,"column":null}},"2":{"start":{"line":8,"column":0},"end":{"line":8,"column":52}},"3":{"start":{"line":9,"column":0},"end":{"line":9,"column":80}},"4":{"start":{"line":11,"column":15},"end":{"line":11,"column":31}},"5":{"start":{"line":18,"column":0},"end":{"line":18,"column":90}},"6":{"start":{"line":25,"column":0},"end":{"line":25,"column":29}},"7":{"start":{"line":32,"column":0},"end":{"line":32,"column":68}},"8":{"start":{"line":39,"column":0},"end":{"line":39,"column":71}},"9":{"start":{"line":41,"column":0},"end":{"line":41,"column":22}}},"fnMap":{},"branchMap":{},"s":{"0":3,"1":3,"2":3,"3":3,"4":3,"5":3,"6":3,"7":3,"8":3,"9":3},"f":{},"b":{}}
,"D:\\ecommerce\\ecommerce-api\\src\\services\\authService.ts": {"path":"D:\\ecommerce\\ecommerce-api\\src\\services\\authService.ts","statementMap":{"0":{"start":{"line":1,"column":0},"end":{"line":1,"column":30}},"1":{"start":{"line":2,"column":0},"end":{"line":2,"column":31}},"2":{"start":{"line":3,"column":0},"end":{"line":3,"column":77}},"3":{"start":{"line":4,"column":0},"end":{"line":4,"column":28}},"4":{"start":{"line":6,"column":0},"end":{"line":6,"column":16}},"5":{"start":{"line":8,"column":28},"end":{"line":11,"column":2}},"6":{"start":{"line":8,"column":84},"end":{"line":11,"column":2}},"7":{"start":{"line":9,"column":25},"end":{"line":9,"column":56}},"8":{"start":{"line":10,"column":2},"end":{"line":10,"column":87}},"9":{"start":{"line":8,"column":13},"end":{"line":8,"column":28}},"10":{"start":{"line":13,"column":25},"end":{"line":23,"column":2}},"11":{"start":{"line":13,"column":67},"end":{"line":23,"column":2}},"12":{"start":{"line":14,"column":15},"end":{"line":14,"column":43}},"13":{"start":{"line":15,"column":2},"end":{"line":15,"column":52}},"14":{"start":{"line":15,"column":13},"end":{"line":15,"column":52}},"15":{"start":{"line":17,"column":18},"end":{"line":17,"column":63}},"16":{"start":{"line":18,"column":2},"end":{"line":18,"column":55}},"17":{"start":{"line":18,"column":16},"end":{"line":18,"column":55}},"18":{"start":{"line":20,"column":16},"end":{"line":20,"column":113}},"19":{"start":{"line":22,"column":2},"end":{"line":22,"column":25}},"20":{"start":{"line":13,"column":13},"end":{"line":13,"column":25}}},"fnMap":{"0":{"name":"(anonymous_8)","decl":{"start":{"line":8,"column":28},"end":{"line":8,"column":35}},"loc":{"start":{"line":8,"column":84},"end":{"line":11,"column":2}}},"1":{"name":"(anonymous_9)","decl":{"start":{"line":8,"column":84},"end":{"line":8,"column":null}},"loc":{"start":{"line":8,"column":84},"end":{"line":11,"column":1}}},"2":{"name":"(anonymous_10)","decl":{"start":{"line":13,"column":25},"end":{"line":13,"column":32}},"loc":{"start":{"line":13,"column":67},"end":{"line":23,"column":2}}},"3":{"name":"(anonymous_11)","decl":{"start":{"line":13,"column":67},"end":{"line":13,"column":null}},"loc":{"start":{"line":13,"column":67},"end":{"line":23,"column":1}}}},"branchMap":{"0":{"loc":{"start":{"line":15,"column":2},"end":{"line":15,"column":52}},"type":"if","locations":[{"start":{"line":15,"column":2},"end":{"line":15,"column":52}}]},"1":{"loc":{"start":{"line":18,"column":2},"end":{"line":18,"column":55}},"type":"if","locations":[{"start":{"line":18,"column":2},"end":{"line":18,"column":55}}]}},"s":{"0":3,"1":3,"2":3,"3":3,"4":3,"5":3,"6":1,"7":1,"8":1,"9":3,"10":3,"11":2,"12":2,"13":2,"14":1,"15":1,"16":1,"17":0,"18":1,"19":1,"20":3},"f":{"0":1,"1":1,"2":2,"3":2},"b":{"0":[1],"1":[0]}}
,"D:\\ecommerce\\ecommerce-api\\src\\services\\cartService.ts": {"path":"D:\\ecommerce\\ecommerce-api\\src\\services\\cartService.ts","statementMap":{"0":{"start":{"line":1,"column":0},"end":{"line":1,"column":34}},"1":{"start":{"line":2,"column":0},"end":{"line":2,"column":40}},"2":{"start":{"line":5,"column":25},"end":{"line":24,"column":2}},"3":{"start":{"line":5,"column":87},"end":{"line":24,"column":2}},"4":{"start":{"line":6,"column":18},"end":{"line":6,"column":51}},"5":{"start":{"line":7,"column":2},"end":{"line":7,"column":53}},"6":{"start":{"line":7,"column":16},"end":{"line":7,"column":53}},"7":{"start":{"line":9,"column":17},"end":{"line":9,"column":69}},"8":{"start":{"line":11,"column":2},"end":{"line":21,"column":3}},"9":{"start":{"line":12,"column":4},"end":{"line":12,"column":34}},"10":{"start":{"line":13,"column":4},"end":{"line":13,"column":26}},"11":{"start":{"line":15,"column":4},"end":{"line":20,"column":7}},"12":{"start":{"line":23,"column":2},"end":{"line":23,"column":18}},"13":{"start":{"line":5,"column":13},"end":{"line":5,"column":25}},"14":{"start":{"line":26,"column":23},"end":{"line":31,"column":2}},"15":{"start":{"line":26,"column":48},"end":{"line":31,"column":2}},"16":{"start":{"line":27,"column":2},"end":{"line":30,"column":5}},"17":{"start":{"line":26,"column":13},"end":{"line":26,"column":23}},"18":{"start":{"line":33,"column":30},"end":{"line":38,"column":2}},"19":{"start":{"line":33,"column":74},"end":{"line":38,"column":2}},"20":{"start":{"line":34,"column":19},"end":{"line":34,"column":71}},"21":{"start":{"line":35,"column":2},"end":{"line":35,"column":59}},"22":{"start":{"line":35,"column":17},"end":{"line":35,"column":59}},"23":{"start":{"line":37,"column":2},"end":{"line":37,"column":27}},"24":{"start":{"line":33,"column":13},"end":{"line":33,"column":30}}},"fnMap":{"0":{"name":"(anonymous_8)","decl":{"start":{"line":5,"column":25},"end":{"line":5,"column":32}},"loc":{"start":{"line":5,"column":87},"end":{"line":24,"column":2}}},"1":{"name":"(anonymous_9)","decl":{"start":{"line":5,"column":87},"end":{"line":5,"column":null}},"loc":{"start":{"line":5,"column":87},"end":{"line":24,"column":1}}},"2":{"name":"(anonymous_10)","decl":{"start":{"line":26,"column":23},"end":{"line":26,"column":30}},"loc":{"start":{"line":26,"column":48},"end":{"line":31,"column":2}}},"3":{"name":"(anonymous_11)","decl":{"start":{"line":26,"column":48},"end":{"line":26,"column":null}},"loc":{"start":{"line":26,"column":48},"end":{"line":31,"column":1}}},"4":{"name":"(anonymous_12)","decl":{"start":{"line":33,"column":30},"end":{"line":33,"column":37}},"loc":{"start":{"line":33,"column":74},"end":{"line":38,"column":2}}},"5":{"name":"(anonymous_13)","decl":{"start":{"line":33,"column":74},"end":{"line":33,"column":null}},"loc":{"start":{"line":33,"column":74},"end":{"line":38,"column":1}}}},"branchMap":{"0":{"loc":{"start":{"line":7,"column":2},"end":{"line":7,"column":53}},"type":"if","locations":[{"start":{"line":7,"column":2},"end":{"line":7,"column":53}}]},"1":{"loc":{"start":{"line":11,"column":2},"end":{"line":21,"column":3}},"type":"if","locations":[{"start":{"line":11,"column":2},"end":{"line":21,"column":3}},{"start":{"line":14,"column":9},"end":{"line":21,"column":3}}]},"2":{"loc":{"start":{"line":35,"column":2},"end":{"line":35,"column":59}},"type":"if","locations":[{"start":{"line":35,"column":2},"end":{"line":35,"column":59}}]}},"s":{"0":3,"1":3,"2":3,"3":0,"4":0,"5":0,"6":0,"7":0,"8":0,"9":0,"10":0,"11":0,"12":0,"13":3,"14":3,"15":0,"16":0,"17":3,"18":3,"19":0,"20":0,"21":0,"22":0,"23":0,"24":3},"f":{"0":0,"1":0,"2":0,"3":0,"4":0,"5":0},"b":{"0":[0],"1":[0,0],"2":[0]}}
,"D:\\ecommerce\\ecommerce-api\\src\\services\\categoryService.ts": {"path":"D:\\ecommerce\\ecommerce-api\\src\\services\\categoryService.ts","statementMap":{"0":{"start":{"line":1,"column":0},"end":{"line":1,"column":136}},"1":{"start":{"line":3,"column":27},"end":{"line":5,"column":2}},"2":{"start":{"line":3,"column":55},"end":{"line":5,"column":2}},"3":{"start":{"line":4,"column":2},"end":{"line":4,"column":44}},"4":{"start":{"line":3,"column":13},"end":{"line":3,"column":27}},"5":{"start":{"line":7,"column":30},"end":{"line":9,"column":2}},"6":{"start":{"line":7,"column":41},"end":{"line":9,"column":2}},"7":{"start":{"line":8,"column":2},"end":{"line":8,"column":34}},"8":{"start":{"line":7,"column":13},"end":{"line":7,"column":30}},"9":{"start":{"line":11,"column":30},"end":{"line":13,"column":2}},"10":{"start":{"line":11,"column":68},"end":{"line":13,"column":2}},"11":{"start":{"line":12,"column":2},"end":{"line":12,"column":46}},"12":{"start":{"line":11,"column":13},"end":{"line":11,"column":30}},"13":{"start":{"line":15,"column":30},"end":{"line":17,"column":2}},"14":{"start":{"line":15,"column":51},"end":{"line":17,"column":2}},"15":{"start":{"line":16,"column":2},"end":{"line":16,"column":34}},"16":{"start":{"line":15,"column":13},"end":{"line":15,"column":30}}},"fnMap":{"0":{"name":"(anonymous_7)","decl":{"start":{"line":3,"column":27},"end":{"line":3,"column":34}},"loc":{"start":{"line":3,"column":55},"end":{"line":5,"column":2}}},"1":{"name":"(anonymous_8)","decl":{"start":{"line":3,"column":55},"end":{"line":3,"column":null}},"loc":{"start":{"line":3,"column":55},"end":{"line":5,"column":1}}},"2":{"name":"(anonymous_9)","decl":{"start":{"line":7,"column":30},"end":{"line":7,"column":39}},"loc":{"start":{"line":7,"column":41},"end":{"line":9,"column":2}}},"3":{"name":"(anonymous_10)","decl":{"start":{"line":7,"column":41},"end":{"line":7,"column":null}},"loc":{"start":{"line":7,"column":41},"end":{"line":9,"column":1}}},"4":{"name":"(anonymous_11)","decl":{"start":{"line":11,"column":30},"end":{"line":11,"column":37}},"loc":{"start":{"line":11,"column":68},"end":{"line":13,"column":2}}},"5":{"name":"(anonymous_12)","decl":{"start":{"line":11,"column":68},"end":{"line":11,"column":null}},"loc":{"start":{"line":11,"column":68},"end":{"line":13,"column":1}}},"6":{"name":"(anonymous_13)","decl":{"start":{"line":15,"column":30},"end":{"line":15,"column":37}},"loc":{"start":{"line":15,"column":51},"end":{"line":17,"column":2}}},"7":{"name":"(anonymous_14)","decl":{"start":{"line":15,"column":51},"end":{"line":15,"column":null}},"loc":{"start":{"line":15,"column":51},"end":{"line":17,"column":1}}}},"branchMap":{},"s":{"0":4,"1":4,"2":2,"3":2,"4":4,"5":4,"6":1,"7":1,"8":4,"9":4,"10":2,"11":2,"12":4,"13":4,"14":2,"15":2,"16":4},"f":{"0":2,"1":2,"2":1,"3":1,"4":2,"5":2,"6":2,"7":2},"b":{}}
,"D:\\ecommerce\\ecommerce-api\\src\\services\\orderService.ts": {"path":"D:\\ecommerce\\ecommerce-api\\src\\services\\orderService.ts","statementMap":{"0":{"start":{"line":1,"column":0},"end":{"line":1,"column":36}},"1":{"start":{"line":2,"column":0},"end":{"line":2,"column":34}},"2":{"start":{"line":3,"column":0},"end":{"line":3,"column":40}},"3":{"start":{"line":7,"column":26},"end":{"line":29,"column":2}},"4":{"start":{"line":7,"column":51},"end":{"line":29,"column":2}},"5":{"start":{"line":8,"column":20},"end":{"line":8,"column":81}},"6":{"start":{"line":10,"column":2},"end":{"line":12,"column":3}},"7":{"start":{"line":11,"column":4},"end":{"line":11,"column":37}},"8":{"start":{"line":15,"column":21},"end":{"line":21,"column":5}},"9":{"start":{"line":15,"column":44},"end":{"line":21,"column":4}},"10":{"start":{"line":23,"column":16},"end":{"line":23,"column":50}},"11":{"start":{"line":26,"column":2},"end":{"line":26,"column":44}},"12":{"start":{"line":28,"column":2},"end":{"line":28,"column":15}},"13":{"start":{"line":7,"column":13},"end":{"line":7,"column":26}},"14":{"start":{"line":32,"column":29},"end":{"line":34,"column":2}},"15":{"start":{"line":32,"column":54},"end":{"line":34,"column":2}},"16":{"start":{"line":33,"column":2},"end":{"line":33,"column":72}},"17":{"start":{"line":32,"column":13},"end":{"line":32,"column":29}},"18":{"start":{"line":37,"column":28},"end":{"line":39,"column":2}},"19":{"start":{"line":37,"column":39},"end":{"line":39,"column":2}},"20":{"start":{"line":38,"column":2},"end":{"line":38,"column":53}},"21":{"start":{"line":37,"column":13},"end":{"line":37,"column":28}},"22":{"start":{"line":42,"column":31},"end":{"line":50,"column":2}},"23":{"start":{"line":42,"column":73},"end":{"line":50,"column":2}},"24":{"start":{"line":43,"column":16},"end":{"line":43,"column":90}},"25":{"start":{"line":45,"column":2},"end":{"line":47,"column":3}},"26":{"start":{"line":46,"column":4},"end":{"line":46,"column":61}},"27":{"start":{"line":49,"column":2},"end":{"line":49,"column":24}},"28":{"start":{"line":42,"column":13},"end":{"line":42,"column":31}},"29":{"start":{"line":53,"column":33},"end":{"line":62,"column":2}},"30":{"start":{"line":53,"column":75},"end":{"line":62,"column":2}},"31":{"start":{"line":54,"column":16},"end":{"line":54,"column":45}},"32":{"start":{"line":55,"column":2},"end":{"line":57,"column":3}},"33":{"start":{"line":56,"column":4},"end":{"line":56,"column":39}},"34":{"start":{"line":59,"column":2},"end":{"line":59,"column":24}},"35":{"start":{"line":60,"column":2},"end":{"line":60,"column":21}},"36":{"start":{"line":61,"column":2},"end":{"line":61,"column":15}},"37":{"start":{"line":53,"column":13},"end":{"line":53,"column":33}}},"fnMap":{"0":{"name":"(anonymous_8)","decl":{"start":{"line":7,"column":26},"end":{"line":7,"column":33}},"loc":{"start":{"line":7,"column":51},"end":{"line":29,"column":2}}},"1":{"name":"(anonymous_9)","decl":{"start":{"line":7,"column":51},"end":{"line":7,"column":null}},"loc":{"start":{"line":7,"column":51},"end":{"line":29,"column":1}}},"2":{"name":"(anonymous_10)","decl":{"start":{"line":15,"column":35},"end":{"line":15,"column":39}},"loc":{"start":{"line":15,"column":44},"end":{"line":21,"column":4}}},"3":{"name":"(anonymous_11)","decl":{"start":{"line":32,"column":29},"end":{"line":32,"column":36}},"loc":{"start":{"line":32,"column":54},"end":{"line":34,"column":2}}},"4":{"name":"(anonymous_12)","decl":{"start":{"line":32,"column":54},"end":{"line":32,"column":null}},"loc":{"start":{"line":32,"column":54},"end":{"line":34,"column":1}}},"5":{"name":"(anonymous_13)","decl":{"start":{"line":37,"column":28},"end":{"line":37,"column":37}},"loc":{"start":{"line":37,"column":39},"end":{"line":39,"column":2}}},"6":{"name":"(anonymous_14)","decl":{"start":{"line":37,"column":39},"end":{"line":37,"column":null}},"loc":{"start":{"line":37,"column":39},"end":{"line":39,"column":1}}},"7":{"name":"(anonymous_15)","decl":{"start":{"line":42,"column":31},"end":{"line":42,"column":38}},"loc":{"start":{"line":42,"column":73},"end":{"line":50,"column":2}}},"8":{"name":"(anonymous_16)","decl":{"start":{"line":42,"column":73},"end":{"line":42,"column":null}},"loc":{"start":{"line":42,"column":73},"end":{"line":50,"column":1}}},"9":{"name":"(anonymous_17)","decl":{"start":{"line":53,"column":33},"end":{"line":53,"column":40}},"loc":{"start":{"line":53,"column":75},"end":{"line":62,"column":2}}},"10":{"name":"(anonymous_18)","decl":{"start":{"line":53,"column":75},"end":{"line":53,"column":null}},"loc":{"start":{"line":53,"column":75},"end":{"line":62,"column":1}}}},"branchMap":{"0":{"loc":{"start":{"line":10,"column":2},"end":{"line":12,"column":3}},"type":"if","locations":[{"start":{"line":10,"column":2},"end":{"line":12,"column":3}}]},"1":{"loc":{"start":{"line":45,"column":2},"end":{"line":47,"column":3}},"type":"if","locations":[{"start":{"line":45,"column":2},"end":{"line":47,"column":3}}]},"2":{"loc":{"start":{"line":55,"column":2},"end":{"line":57,"column":3}},"type":"if","locations":[{"start":{"line":55,"column":2},"end":{"line":57,"column":3}}]}},"s":{"0":3,"1":3,"2":3,"3":3,"4":0,"5":0,"6":0,"7":0,"8":0,"9":0,"10":0,"11":0,"12":0,"13":3,"14":3,"15":0,"16":0,"17":3,"18":3,"19":0,"20":0,"21":3,"22":3,"23":0,"24":0,"25":0,"26":0,"27":0,"28":3,"29":3,"30":0,"31":0,"32":0,"33":0,"34":0,"35":0,"36":0,"37":3},"f":{"0":0,"1":0,"2":0,"3":0,"4":0,"5":0,"6":0,"7":0,"8":0,"9":0,"10":0},"b":{"0":[0],"1":[0],"2":[0]}}
,"D:\\ecommerce\\ecommerce-api\\src\\services\\productService.ts": {"path":"D:\\ecommerce\\ecommerce-api\\src\\services\\productService.ts","statementMap":{"0":{"start":{"line":1,"column":0},"end":{"line":1,"column":40}},"1":{"start":{"line":2,"column":0},"end":{"line":2,"column":42}},"2":{"start":{"line":3,"column":0},"end":{"line":3,"column":46}},"3":{"start":{"line":4,"column":0},"end":{"line":4,"column":31}},"4":{"start":{"line":6,"column":26},"end":{"line":25,"column":2}},"5":{"start":{"line":6,"column":81},"end":{"line":25,"column":2}},"6":{"start":{"line":7,"column":2},"end":{"line":9,"column":3}},"7":{"start":{"line":8,"column":4},"end":{"line":8,"column":47}},"8":{"start":{"line":11,"column":17},"end":{"line":11,"column":19}},"9":{"start":{"line":12,"column":2},"end":{"line":15,"column":3}},"10":{"start":{"line":13,"column":26},"end":{"line":13,"column":69}},"11":{"start":{"line":14,"column":4},"end":{"line":14,"column":40}},"12":{"start":{"line":17,"column":2},"end":{"line":24,"column":5}},"13":{"start":{"line":6,"column":13},"end":{"line":6,"column":26}},"14":{"start":{"line":28,"column":28},"end":{"line":63,"column":2}},"15":{"start":{"line":28,"column":51},"end":{"line":63,"column":2}},"16":{"start":{"line":29,"column":75},"end":{"line":29,"column":82}},"17":{"start":{"line":31,"column":27},"end":{"line":31,"column":29}},"18":{"start":{"line":33,"column":2},"end":{"line":35,"column":3}},"19":{"start":{"line":34,"column":4},"end":{"line":34,"column":40}},"20":{"start":{"line":37,"column":2},"end":{"line":41,"column":3}},"21":{"start":{"line":38,"column":4},"end":{"line":38,"column":27}},"22":{"start":{"line":39,"column":4},"end":{"line":39,"column":55}},"23":{"start":{"line":39,"column":18},"end":{"line":39,"column":55}},"24":{"start":{"line":40,"column":4},"end":{"line":40,"column":55}},"25":{"start":{"line":40,"column":18},"end":{"line":40,"column":55}},"26":{"start":{"line":43,"column":2},"end":{"line":45,"column":3}},"27":{"start":{"line":44,"column":4},"end":{"line":44,"column":53}},"28":{"start":{"line":47,"column":17},"end":{"line":47,"column":35}},"29":{"start":{"line":49,"column":19},"end":{"line":55,"column":4}},"30":{"start":{"line":57,"column":2},"end":{"line":62,"column":4}},"31":{"start":{"line":28,"column":13},"end":{"line":28,"column":28}},"32":{"start":{"line":65,"column":29},"end":{"line":71,"column":2}},"33":{"start":{"line":65,"column":75},"end":{"line":71,"column":2}},"34":{"start":{"line":66,"column":18},"end":{"line":66,"column":51}},"35":{"start":{"line":67,"column":2},"end":{"line":67,"column":53}},"36":{"start":{"line":67,"column":16},"end":{"line":67,"column":53}},"37":{"start":{"line":69,"column":2},"end":{"line":69,"column":36}},"38":{"start":{"line":70,"column":2},"end":{"line":70,"column":17}},"39":{"start":{"line":65,"column":13},"end":{"line":65,"column":29}},"40":{"start":{"line":73,"column":29},"end":{"line":78,"column":2}},"41":{"start":{"line":73,"column":57},"end":{"line":78,"column":2}},"42":{"start":{"line":74,"column":18},"end":{"line":74,"column":51}},"43":{"start":{"line":75,"column":2},"end":{"line":75,"column":53}},"44":{"start":{"line":75,"column":16},"end":{"line":75,"column":53}},"45":{"start":{"line":77,"column":2},"end":{"line":77,"column":26}},"46":{"start":{"line":73,"column":13},"end":{"line":73,"column":29}}},"fnMap":{"0":{"name":"(anonymous_8)","decl":{"start":{"line":6,"column":26},"end":{"line":6,"column":33}},"loc":{"start":{"line":6,"column":81},"end":{"line":25,"column":2}}},"1":{"name":"(anonymous_9)","decl":{"start":{"line":6,"column":81},"end":{"line":6,"column":null}},"loc":{"start":{"line":6,"column":81},"end":{"line":25,"column":1}}},"2":{"name":"(anonymous_10)","decl":{"start":{"line":28,"column":28},"end":{"line":28,"column":35}},"loc":{"start":{"line":28,"column":51},"end":{"line":63,"column":2}}},"3":{"name":"(anonymous_11)","decl":{"start":{"line":28,"column":51},"end":{"line":28,"column":null}},"loc":{"start":{"line":28,"column":51},"end":{"line":63,"column":1}}},"4":{"name":"(anonymous_12)","decl":{"start":{"line":65,"column":29},"end":{"line":65,"column":36}},"loc":{"start":{"line":65,"column":75},"end":{"line":71,"column":2}}},"5":{"name":"(anonymous_13)","decl":{"start":{"line":65,"column":75},"end":{"line":65,"column":null}},"loc":{"start":{"line":65,"column":75},"end":{"line":71,"column":1}}},"6":{"name":"(anonymous_14)","decl":{"start":{"line":73,"column":29},"end":{"line":73,"column":36}},"loc":{"start":{"line":73,"column":57},"end":{"line":78,"column":2}}},"7":{"name":"(anonymous_15)","decl":{"start":{"line":73,"column":57},"end":{"line":73,"column":null}},"loc":{"start":{"line":73,"column":57},"end":{"line":78,"column":1}}}},"branchMap":{"0":{"loc":{"start":{"line":7,"column":2},"end":{"line":9,"column":3}},"type":"if","locations":[{"start":{"line":7,"column":2},"end":{"line":9,"column":3}}]},"1":{"loc":{"start":{"line":7,"column":6},"end":{"line":7,"column":72}},"type":"binary-expr","locations":[{"start":{"line":7,"column":6},"end":{"line":7,"column":23}},{"start":{"line":7,"column":27},"end":{"line":7,"column":45}},{"start":{"line":7,"column":49},"end":{"line":7,"column":72}}]},"2":{"loc":{"start":{"line":12,"column":2},"end":{"line":15,"column":3}},"type":"if","locations":[{"start":{"line":12,"column":2},"end":{"line":15,"column":3}}]},"3":{"loc":{"start":{"line":21,"column":11},"end":{"line":21,"column":33}},"type":"binary-expr","locations":[{"start":{"line":21,"column":11},"end":{"line":21,"column":28}},{"start":{"line":21,"column":32},"end":{"line":21,"column":33}}]},"4":{"loc":{"start":{"line":29,"column":50},"end":{"line":29,"column":58}},"type":"default-arg","locations":[{"start":{"line":29,"column":57},"end":{"line":29,"column":58}}]},"5":{"loc":{"start":{"line":29,"column":60},"end":{"line":29,"column":70}},"type":"default-arg","locations":[{"start":{"line":29,"column":68},"end":{"line":29,"column":70}}]},"6":{"loc":{"start":{"line":33,"column":2},"end":{"line":35,"column":3}},"type":"if","locations":[{"start":{"line":33,"column":2},"end":{"line":35,"column":3}}]},"7":{"loc":{"start":{"line":37,"column":2},"end":{"line":41,"column":3}},"type":"if","locations":[{"start":{"line":37,"column":2},"end":{"line":41,"column":3}}]},"8":{"loc":{"start":{"line":37,"column":6},"end":{"line":37,"column":26}},"type":"binary-expr","locations":[{"start":{"line":37,"column":6},"end":{"line":37,"column":14}},{"start":{"line":37,"column":18},"end":{"line":37,"column":26}}]},"9":{"loc":{"start":{"line":39,"column":4},"end":{"line":39,"column":55}},"type":"if","locations":[{"start":{"line":39,"column":4},"end":{"line":39,"column":55}}]},"10":{"loc":{"start":{"line":40,"column":4},"end":{"line":40,"column":55}},"type":"if","locations":[{"start":{"line":40,"column":4},"end":{"line":40,"column":55}}]},"11":{"loc":{"start":{"line":43,"column":2},"end":{"line":45,"column":3}},"type":"if","locations":[{"start":{"line":43,"column":2},"end":{"line":45,"column":3}}]},"12":{"loc":{"start":{"line":67,"column":2},"end":{"line":67,"column":53}},"type":"if","locations":[{"start":{"line":67,"column":2},"end":{"line":67,"column":53}}]},"13":{"loc":{"start":{"line":75,"column":2},"end":{"line":75,"column":53}},"type":"if","locations":[{"start":{"line":75,"column":2},"end":{"line":75,"column":53}}]}},"s":{"0":3,"1":3,"2":3,"3":3,"4":3,"5":0,"6":0,"7":0,"8":0,"9":0,"10":0,"11":0,"12":0,"13":3,"14":3,"15":0,"16":0,"17":0,"18":0,"19":0,"20":0,"21":0,"22":0,"23":0,"24":0,"25":0,"26":0,"27":0,"28":0,"29":0,"30":0,"31":3,"32":3,"33":0,"34":0,"35":0,"36":0,"37":0,"38":0,"39":3,"40":3,"41":0,"42":0,"43":0,"44":0,"45":0,"46":3},"f":{"0":0,"1":0,"2":0,"3":0,"4":0,"5":0,"6":0,"7":0},"b":{"0":[0],"1":[0,0,0],"2":[0],"3":[0,0],"4":[0],"5":[0],"6":[0],"7":[0],"8":[0,0],"9":[0],"10":[0],"11":[0],"12":[0],"13":[0]}}
}
